<?xml version="1.0" encoding="UTF-8"?>
<testsuite name="org.shawniels.blogmasteryproject.BlogMasteryProjectApplicationTests" tests="1" skipped="0" failures="0" errors="0" timestamp="2020-06-25T01:40:28" hostname="LAPTOP-RN37BGCN" time="0.351">
  <properties/>
  <testcase name="contextLoads()" classname="org.shawniels.blogmasteryproject.BlogMasteryProjectApplicationTests" time="0.351"/>
  <system-out><![CDATA[21:40:24.229 [Test worker] DEBUG org.springframework.test.context.BootstrapUtils - Instantiating CacheAwareContextLoaderDelegate from class [org.springframework.test.context.cache.DefaultCacheAwareContextLoaderDelegate]
21:40:24.275 [Test worker] DEBUG org.springframework.test.context.BootstrapUtils - Instantiating BootstrapContext using constructor [public org.springframework.test.context.support.DefaultBootstrapContext(java.lang.Class,org.springframework.test.context.CacheAwareContextLoaderDelegate)]
21:40:24.384 [Test worker] DEBUG org.springframework.test.context.BootstrapUtils - Instantiating TestContextBootstrapper for test class [org.shawniels.blogmasteryproject.BlogMasteryProjectApplicationTests] from class [org.springframework.boot.test.context.SpringBootTestContextBootstrapper]
21:40:24.462 [Test worker] INFO org.springframework.boot.test.context.SpringBootTestContextBootstrapper - Neither @ContextConfiguration nor @ContextHierarchy found for test class [org.shawniels.blogmasteryproject.BlogMasteryProjectApplicationTests], using SpringBootContextLoader
21:40:24.476 [Test worker] DEBUG org.springframework.test.context.support.AbstractContextLoader - Did not detect default resource location for test class [org.shawniels.blogmasteryproject.BlogMasteryProjectApplicationTests]: class path resource [org/shawniels/blogmasteryproject/BlogMasteryProjectApplicationTests-context.xml] does not exist
21:40:24.479 [Test worker] DEBUG org.springframework.test.context.support.AbstractContextLoader - Did not detect default resource location for test class [org.shawniels.blogmasteryproject.BlogMasteryProjectApplicationTests]: class path resource [org/shawniels/blogmasteryproject/BlogMasteryProjectApplicationTestsContext.groovy] does not exist
21:40:24.481 [Test worker] INFO org.springframework.test.context.support.AbstractContextLoader - Could not detect default resource locations for test class [org.shawniels.blogmasteryproject.BlogMasteryProjectApplicationTests]: no resource found for suffixes {-context.xml, Context.groovy}.
21:40:24.486 [Test worker] INFO org.springframework.test.context.support.AnnotationConfigContextLoaderUtils - Could not detect default configuration classes for test class [org.shawniels.blogmasteryproject.BlogMasteryProjectApplicationTests]: BlogMasteryProjectApplicationTests does not declare any static, non-private, non-final, nested classes annotated with @Configuration.
21:40:24.630 [Test worker] DEBUG org.springframework.test.context.support.ActiveProfilesUtils - Could not find an 'annotation declaring class' for annotation type [org.springframework.test.context.ActiveProfiles] and class [org.shawniels.blogmasteryproject.BlogMasteryProjectApplicationTests]
21:40:24.866 [Test worker] DEBUG org.springframework.context.annotation.ClassPathScanningCandidateComponentProvider - Identified candidate component class: file [C:\Users\SGDan\Desktop\Code\mastery-project-blog\build\classes\java\main\org\shawniels\blogmasteryproject\BlogMasteryProjectApplication.class]
21:40:24.870 [Test worker] INFO org.springframework.boot.test.context.SpringBootTestContextBootstrapper - Found @SpringBootConfiguration org.shawniels.blogmasteryproject.BlogMasteryProjectApplication for test class org.shawniels.blogmasteryproject.BlogMasteryProjectApplicationTests
21:40:25.024 [Test worker] DEBUG org.springframework.boot.test.context.SpringBootTestContextBootstrapper - @TestExecutionListeners is not present for class [org.shawniels.blogmasteryproject.BlogMasteryProjectApplicationTests]: using defaults.
21:40:25.025 [Test worker] INFO org.springframework.boot.test.context.SpringBootTestContextBootstrapper - Loaded default TestExecutionListener class names from location [META-INF/spring.factories]: [org.springframework.boot.test.autoconfigure.restdocs.RestDocsTestExecutionListener, org.springframework.boot.test.autoconfigure.web.client.MockRestServiceServerResetTestExecutionListener, org.springframework.boot.test.autoconfigure.web.servlet.MockMvcPrintOnlyOnFailureTestExecutionListener, org.springframework.boot.test.autoconfigure.web.servlet.WebDriverTestExecutionListener, org.springframework.boot.test.autoconfigure.webservices.client.MockWebServiceServerTestExecutionListener, org.springframework.boot.test.mock.mockito.MockitoTestExecutionListener, org.springframework.boot.test.mock.mockito.ResetMocksTestExecutionListener, org.springframework.test.context.web.ServletTestExecutionListener, org.springframework.test.context.support.DirtiesContextBeforeModesTestExecutionListener, org.springframework.test.context.support.DependencyInjectionTestExecutionListener, org.springframework.test.context.support.DirtiesContextTestExecutionListener, org.springframework.test.context.transaction.TransactionalTestExecutionListener, org.springframework.test.context.jdbc.SqlScriptsTestExecutionListener, org.springframework.test.context.event.EventPublishingTestExecutionListener]
21:40:25.048 [Test worker] INFO org.springframework.boot.test.context.SpringBootTestContextBootstrapper - Using TestExecutionListeners: [org.springframework.test.context.web.ServletTestExecutionListener@49e283a3, org.springframework.test.context.support.DirtiesContextBeforeModesTestExecutionListener@232cd9f, org.springframework.boot.test.mock.mockito.MockitoTestExecutionListener@31ed2190, org.springframework.boot.test.autoconfigure.SpringBootDependencyInjectionTestExecutionListener@2fd59195, org.springframework.test.context.support.DirtiesContextTestExecutionListener@7277f057, org.springframework.test.context.transaction.TransactionalTestExecutionListener@66bd95b3, org.springframework.test.context.jdbc.SqlScriptsTestExecutionListener@3e84c955, org.springframework.test.context.event.EventPublishingTestExecutionListener@3d5eae29, org.springframework.boot.test.autoconfigure.restdocs.RestDocsTestExecutionListener@7066049d, org.springframework.boot.test.autoconfigure.web.client.MockRestServiceServerResetTestExecutionListener@7a7c172f, org.springframework.boot.test.autoconfigure.web.servlet.MockMvcPrintOnlyOnFailureTestExecutionListener@62aab754, org.springframework.boot.test.autoconfigure.web.servlet.WebDriverTestExecutionListener@2acd72ce, org.springframework.boot.test.autoconfigure.webservices.client.MockWebServiceServerTestExecutionListener@6acfd9e6, org.springframework.boot.test.mock.mockito.ResetMocksTestExecutionListener@70907eff]
21:40:25.052 [Test worker] DEBUG org.springframework.test.context.support.AbstractDirtiesContextTestExecutionListener - Before test class: context [DefaultTestContext@231d833f testClass = BlogMasteryProjectApplicationTests, testInstance = [null], testMethod = [null], testException = [null], mergedContextConfiguration = [WebMergedContextConfiguration@7ca546a6 testClass = BlogMasteryProjectApplicationTests, locations = '{}', classes = '{class org.shawniels.blogmasteryproject.BlogMasteryProjectApplication}', contextInitializerClasses = '[]', activeProfiles = '{}', propertySourceLocations = '{}', propertySourceProperties = '{org.springframework.boot.test.context.SpringBootTestContextBootstrapper=true}', contextCustomizers = set[org.springframework.boot.test.autoconfigure.properties.PropertyMappingContextCustomizer@0, org.springframework.boot.test.autoconfigure.web.servlet.WebDriverContextCustomizerFactory$Customizer@5a673eac, org.springframework.boot.test.context.filter.ExcludeFilterContextCustomizer@61682039, org.springframework.boot.test.json.DuplicateJsonObjectContextCustomizerFactory$DuplicateJsonObjectContextCustomizer@36f3ef1c, org.springframework.boot.test.mock.mockito.MockitoContextCustomizer@0, org.springframework.boot.test.web.client.TestRestTemplateContextCustomizer@15f8ae25, org.springframework.boot.test.context.SpringBootTestArgs@1], resourceBasePath = 'src/main/webapp', contextLoader = 'org.springframework.boot.test.context.SpringBootContextLoader', parent = [null]], attributes = map['org.springframework.test.context.web.ServletTestExecutionListener.activateListener' -> true]], class annotated with @DirtiesContext [false] with mode [null].
21:40:25.091 [Test worker] DEBUG org.springframework.test.context.support.TestPropertySourceUtils - Adding inlined properties to environment: {spring.jmx.enabled=false, org.springframework.boot.test.context.SpringBootTestContextBootstrapper=true}

  .   ____          _            __ _ _
 /\\ / ___'_ __ _ _(_)_ __  __ _ \ \ \ \
( ( )\___ | '_ | '_| | '_ \/ _` | \ \ \ \
 \\/  ___)| |_)| | | | | || (_| |  ) ) ) )
  '  |____| .__|_| |_|_| |_\__, | / / / /
 =========|_|==============|___/=/_/_/_/
 :: Spring Boot ::        (v2.3.1.RELEASE)

2020-06-24 21:40:25.463  INFO 8096 --- [    Test worker] o.s.b.BlogMasteryProjectApplicationTests : Starting BlogMasteryProjectApplicationTests on LAPTOP-RN37BGCN with PID 8096 (started by SGDan in C:\Users\SGDan\Desktop\Code\mastery-project-blog)
2020-06-24 21:40:25.466  INFO 8096 --- [    Test worker] o.s.b.BlogMasteryProjectApplicationTests : No active profile set, falling back to default profiles: default
2020-06-24 21:40:26.330  INFO 8096 --- [    Test worker] .s.d.r.c.RepositoryConfigurationDelegate : Bootstrapping Spring Data JPA repositories in DEFERRED mode.
2020-06-24 21:40:26.357  INFO 8096 --- [    Test worker] .s.d.r.c.RepositoryConfigurationDelegate : Finished Spring Data repository scanning in 17ms. Found 0 JPA repository interfaces.
2020-06-24 21:40:27.124  INFO 8096 --- [    Test worker] o.s.s.concurrent.ThreadPoolTaskExecutor  : Initializing ExecutorService 'applicationTaskExecutor'
2020-06-24 21:40:27.142  INFO 8096 --- [    Test worker] com.zaxxer.hikari.HikariDataSource       : HikariPool-1 - Starting...
2020-06-24 21:40:27.370  INFO 8096 --- [    Test worker] com.zaxxer.hikari.HikariDataSource       : HikariPool-1 - Start completed.
2020-06-24 21:40:27.465  INFO 8096 --- [         task-1] o.hibernate.jpa.internal.util.LogHelper  : HHH000204: Processing PersistenceUnitInfo [name: default]
2020-06-24 21:40:27.554  INFO 8096 --- [         task-1] org.hibernate.Version                    : HHH000412: Hibernate ORM core version 5.4.17.Final
2020-06-24 21:40:27.741  WARN 8096 --- [    Test worker] JpaBaseConfiguration$JpaWebConfiguration : spring.jpa.open-in-view is enabled by default. Therefore, database queries may be performed during view rendering. Explicitly configure spring.jpa.open-in-view to disable this warning
2020-06-24 21:40:27.822  INFO 8096 --- [         task-1] o.hibernate.annotations.common.Version   : HCANN000001: Hibernate Commons Annotations {5.1.0.Final}
2020-06-24 21:40:28.056  INFO 8096 --- [         task-1] org.hibernate.dialect.Dialect            : HHH000400: Using dialect: org.hibernate.dialect.H2Dialect
2020-06-24 21:40:28.401  WARN 8096 --- [    Test worker] ion$DefaultTemplateResolverConfiguration : Cannot find template location: classpath:/templates/ (please add some templates or check your Thymeleaf configuration)
2020-06-24 21:40:28.465  INFO 8096 --- [         task-1] o.h.e.t.j.p.i.JtaPlatformInitiator       : HHH000490: Using JtaPlatform implementation: [org.hibernate.engine.transaction.jta.platform.internal.NoJtaPlatform]
2020-06-24 21:40:28.478  INFO 8096 --- [         task-1] j.LocalContainerEntityManagerFactoryBean : Initialized JPA EntityManagerFactory for persistence unit 'default'
2020-06-24 21:40:28.641  INFO 8096 --- [    Test worker] DeferredRepositoryInitializationListener : Triggering deferred initialization of Spring Data repositories…
2020-06-24 21:40:28.643  INFO 8096 --- [    Test worker] DeferredRepositoryInitializationListener : Spring Data repositories initialized!
2020-06-24 21:40:28.658  INFO 8096 --- [    Test worker] o.s.b.BlogMasteryProjectApplicationTests : Started BlogMasteryProjectApplicationTests in 3.552 seconds (JVM running for 5.949)
]]></system-out>
  <system-err><![CDATA[]]></system-err>
</testsuite>
