<?xml version="1.0" encoding="UTF-8"?>
<testsuite name="org.shawniels.blogmasteryproject.BlogMasteryProjectApplicationTests" tests="1" skipped="0" failures="0" errors="0" timestamp="2020-06-25T03:20:09" hostname="LAPTOP-RN37BGCN" time="0.314">
  <properties/>
  <testcase name="contextLoads()" classname="org.shawniels.blogmasteryproject.BlogMasteryProjectApplicationTests" time="0.314"/>
  <system-out><![CDATA[23:20:04.586 [Test worker] DEBUG org.springframework.test.context.BootstrapUtils - Instantiating CacheAwareContextLoaderDelegate from class [org.springframework.test.context.cache.DefaultCacheAwareContextLoaderDelegate]
23:20:04.641 [Test worker] DEBUG org.springframework.test.context.BootstrapUtils - Instantiating BootstrapContext using constructor [public org.springframework.test.context.support.DefaultBootstrapContext(java.lang.Class,org.springframework.test.context.CacheAwareContextLoaderDelegate)]
23:20:04.775 [Test worker] DEBUG org.springframework.test.context.BootstrapUtils - Instantiating TestContextBootstrapper for test class [org.shawniels.blogmasteryproject.BlogMasteryProjectApplicationTests] from class [org.springframework.boot.test.context.SpringBootTestContextBootstrapper]
23:20:04.837 [Test worker] INFO org.springframework.boot.test.context.SpringBootTestContextBootstrapper - Neither @ContextConfiguration nor @ContextHierarchy found for test class [org.shawniels.blogmasteryproject.BlogMasteryProjectApplicationTests], using SpringBootContextLoader
23:20:04.857 [Test worker] DEBUG org.springframework.test.context.support.AbstractContextLoader - Did not detect default resource location for test class [org.shawniels.blogmasteryproject.BlogMasteryProjectApplicationTests]: class path resource [org/shawniels/blogmasteryproject/BlogMasteryProjectApplicationTests-context.xml] does not exist
23:20:04.859 [Test worker] DEBUG org.springframework.test.context.support.AbstractContextLoader - Did not detect default resource location for test class [org.shawniels.blogmasteryproject.BlogMasteryProjectApplicationTests]: class path resource [org/shawniels/blogmasteryproject/BlogMasteryProjectApplicationTestsContext.groovy] does not exist
23:20:04.861 [Test worker] INFO org.springframework.test.context.support.AbstractContextLoader - Could not detect default resource locations for test class [org.shawniels.blogmasteryproject.BlogMasteryProjectApplicationTests]: no resource found for suffixes {-context.xml, Context.groovy}.
23:20:04.863 [Test worker] INFO org.springframework.test.context.support.AnnotationConfigContextLoaderUtils - Could not detect default configuration classes for test class [org.shawniels.blogmasteryproject.BlogMasteryProjectApplicationTests]: BlogMasteryProjectApplicationTests does not declare any static, non-private, non-final, nested classes annotated with @Configuration.
23:20:05.019 [Test worker] DEBUG org.springframework.test.context.support.ActiveProfilesUtils - Could not find an 'annotation declaring class' for annotation type [org.springframework.test.context.ActiveProfiles] and class [org.shawniels.blogmasteryproject.BlogMasteryProjectApplicationTests]
23:20:05.282 [Test worker] DEBUG org.springframework.context.annotation.ClassPathScanningCandidateComponentProvider - Identified candidate component class: file [C:\Users\SGDan\Desktop\Code\mastery-project-blog\build\classes\java\main\org\shawniels\blogmasteryproject\BlogMasteryProjectApplication.class]
23:20:05.284 [Test worker] INFO org.springframework.boot.test.context.SpringBootTestContextBootstrapper - Found @SpringBootConfiguration org.shawniels.blogmasteryproject.BlogMasteryProjectApplication for test class org.shawniels.blogmasteryproject.BlogMasteryProjectApplicationTests
23:20:05.459 [Test worker] DEBUG org.springframework.boot.test.context.SpringBootTestContextBootstrapper - @TestExecutionListeners is not present for class [org.shawniels.blogmasteryproject.BlogMasteryProjectApplicationTests]: using defaults.
23:20:05.460 [Test worker] INFO org.springframework.boot.test.context.SpringBootTestContextBootstrapper - Loaded default TestExecutionListener class names from location [META-INF/spring.factories]: [org.springframework.boot.test.autoconfigure.restdocs.RestDocsTestExecutionListener, org.springframework.boot.test.autoconfigure.web.client.MockRestServiceServerResetTestExecutionListener, org.springframework.boot.test.autoconfigure.web.servlet.MockMvcPrintOnlyOnFailureTestExecutionListener, org.springframework.boot.test.autoconfigure.web.servlet.WebDriverTestExecutionListener, org.springframework.boot.test.autoconfigure.webservices.client.MockWebServiceServerTestExecutionListener, org.springframework.boot.test.mock.mockito.MockitoTestExecutionListener, org.springframework.boot.test.mock.mockito.ResetMocksTestExecutionListener, org.springframework.test.context.web.ServletTestExecutionListener, org.springframework.test.context.support.DirtiesContextBeforeModesTestExecutionListener, org.springframework.test.context.support.DependencyInjectionTestExecutionListener, org.springframework.test.context.support.DirtiesContextTestExecutionListener, org.springframework.test.context.transaction.TransactionalTestExecutionListener, org.springframework.test.context.jdbc.SqlScriptsTestExecutionListener, org.springframework.test.context.event.EventPublishingTestExecutionListener]
23:20:05.485 [Test worker] INFO org.springframework.boot.test.context.SpringBootTestContextBootstrapper - Using TestExecutionListeners: [org.springframework.test.context.web.ServletTestExecutionListener@34ec36b7, org.springframework.test.context.support.DirtiesContextBeforeModesTestExecutionListener@8422c72, org.springframework.boot.test.mock.mockito.MockitoTestExecutionListener@34c9ef10, org.springframework.boot.test.autoconfigure.SpringBootDependencyInjectionTestExecutionListener@40484fbb, org.springframework.test.context.support.DirtiesContextTestExecutionListener@1544908b, org.springframework.test.context.transaction.TransactionalTestExecutionListener@cfc0fed, org.springframework.test.context.jdbc.SqlScriptsTestExecutionListener@77b6c00d, org.springframework.test.context.event.EventPublishingTestExecutionListener@75816cd7, org.springframework.boot.test.autoconfigure.restdocs.RestDocsTestExecutionListener@44706a24, org.springframework.boot.test.autoconfigure.web.client.MockRestServiceServerResetTestExecutionListener@289f8620, org.springframework.boot.test.autoconfigure.web.servlet.MockMvcPrintOnlyOnFailureTestExecutionListener@69e89d96, org.springframework.boot.test.autoconfigure.web.servlet.WebDriverTestExecutionListener@1771b3a8, org.springframework.boot.test.autoconfigure.webservices.client.MockWebServiceServerTestExecutionListener@5097ca28, org.springframework.boot.test.mock.mockito.ResetMocksTestExecutionListener@4ede89c]
23:20:05.490 [Test worker] DEBUG org.springframework.test.context.support.AbstractDirtiesContextTestExecutionListener - Before test class: context [DefaultTestContext@4d99ba2a testClass = BlogMasteryProjectApplicationTests, testInstance = [null], testMethod = [null], testException = [null], mergedContextConfiguration = [WebMergedContextConfiguration@7f4e9234 testClass = BlogMasteryProjectApplicationTests, locations = '{}', classes = '{class org.shawniels.blogmasteryproject.BlogMasteryProjectApplication}', contextInitializerClasses = '[]', activeProfiles = '{}', propertySourceLocations = '{}', propertySourceProperties = '{org.springframework.boot.test.context.SpringBootTestContextBootstrapper=true}', contextCustomizers = set[org.springframework.boot.test.autoconfigure.properties.PropertyMappingContextCustomizer@0, org.springframework.boot.test.autoconfigure.web.servlet.WebDriverContextCustomizerFactory$Customizer@30772019, org.springframework.boot.test.context.filter.ExcludeFilterContextCustomizer@77d29b51, org.springframework.boot.test.json.DuplicateJsonObjectContextCustomizerFactory$DuplicateJsonObjectContextCustomizer@6ac51122, org.springframework.boot.test.mock.mockito.MockitoContextCustomizer@0, org.springframework.boot.test.web.client.TestRestTemplateContextCustomizer@1cb0ae79, org.springframework.boot.test.context.SpringBootTestArgs@1], resourceBasePath = 'src/main/webapp', contextLoader = 'org.springframework.boot.test.context.SpringBootContextLoader', parent = [null]], attributes = map['org.springframework.test.context.web.ServletTestExecutionListener.activateListener' -> true]], class annotated with @DirtiesContext [false] with mode [null].
23:20:05.533 [Test worker] DEBUG org.springframework.test.context.support.TestPropertySourceUtils - Adding inlined properties to environment: {spring.jmx.enabled=false, org.springframework.boot.test.context.SpringBootTestContextBootstrapper=true}

  .   ____          _            __ _ _
 /\\ / ___'_ __ _ _(_)_ __  __ _ \ \ \ \
( ( )\___ | '_ | '_| | '_ \/ _` | \ \ \ \
 \\/  ___)| |_)| | | | | || (_| |  ) ) ) )
  '  |____| .__|_| |_|_| |_\__, | / / / /
 =========|_|==============|___/=/_/_/_/
 :: Spring Boot ::        (v2.3.1.RELEASE)

2020-06-24 23:20:05.946  INFO 2788 --- [    Test worker] o.s.b.BlogMasteryProjectApplicationTests : Starting BlogMasteryProjectApplicationTests on LAPTOP-RN37BGCN with PID 2788 (started by SGDan in C:\Users\SGDan\Desktop\Code\mastery-project-blog)
2020-06-24 23:20:05.950  INFO 2788 --- [    Test worker] o.s.b.BlogMasteryProjectApplicationTests : No active profile set, falling back to default profiles: default
2020-06-24 23:20:07.062  INFO 2788 --- [    Test worker] .s.d.r.c.RepositoryConfigurationDelegate : Bootstrapping Spring Data JPA repositories in DEFERRED mode.
2020-06-24 23:20:07.097  INFO 2788 --- [    Test worker] .s.d.r.c.RepositoryConfigurationDelegate : Finished Spring Data repository scanning in 23ms. Found 0 JPA repository interfaces.
2020-06-24 23:20:07.956  INFO 2788 --- [    Test worker] o.s.s.concurrent.ThreadPoolTaskExecutor  : Initializing ExecutorService 'applicationTaskExecutor'
2020-06-24 23:20:07.976  INFO 2788 --- [    Test worker] com.zaxxer.hikari.HikariDataSource       : HikariPool-1 - Starting...
2020-06-24 23:20:08.260  INFO 2788 --- [    Test worker] com.zaxxer.hikari.HikariDataSource       : HikariPool-1 - Start completed.
2020-06-24 23:20:08.407  INFO 2788 --- [         task-1] o.hibernate.jpa.internal.util.LogHelper  : HHH000204: Processing PersistenceUnitInfo [name: default]
2020-06-24 23:20:08.528  INFO 2788 --- [         task-1] org.hibernate.Version                    : HHH000412: Hibernate ORM core version 5.4.17.Final
2020-06-24 23:20:08.799  WARN 2788 --- [    Test worker] JpaBaseConfiguration$JpaWebConfiguration : spring.jpa.open-in-view is enabled by default. Therefore, database queries may be performed during view rendering. Explicitly configure spring.jpa.open-in-view to disable this warning
2020-06-24 23:20:08.960  INFO 2788 --- [         task-1] o.hibernate.annotations.common.Version   : HCANN000001: Hibernate Commons Annotations {5.1.0.Final}
2020-06-24 23:20:09.228  INFO 2788 --- [         task-1] org.hibernate.dialect.Dialect            : HHH000400: Using dialect: org.hibernate.dialect.H2Dialect
2020-06-24 23:20:09.884  INFO 2788 --- [    Test worker] DeferredRepositoryInitializationListener : Triggering deferred initialization of Spring Data repositories…
2020-06-24 23:20:09.885  INFO 2788 --- [    Test worker] DeferredRepositoryInitializationListener : Spring Data repositories initialized!
2020-06-24 23:20:09.902  INFO 2788 --- [    Test worker] o.s.b.BlogMasteryProjectApplicationTests : Started BlogMasteryProjectApplicationTests in 4.352 seconds (JVM running for 6.841)
]]></system-out>
  <system-err><![CDATA[]]></system-err>
</testsuite>
